18:36:46.720 [DEBUG] [org.gradle.launcher.daemon.bootstrap.DaemonMain] Assuming the daemon was started with following jvm opts: [-XX:+HeapDumpOnOutOfMemoryError, -Xmx1024m, -Dfile.encoding=UTF-8, -Duser.country, -Duser.language=en, -Duser.variant]
18:36:47.016 [INFO] [org.gradle.launcher.daemon.server.Daemon] start() called on daemon - DefaultDaemonContext[uid=b6a02f41-4874-4e8e-97e9-f1195c2fe215,javaHome=/opt/jdk1.8.0_172,daemonRegistryDir=/app/cache/daemon,pid=31,idleTimeout=10800000,daemonOpts=-XX:+HeapDumpOnOutOfMemoryError,-Xmx1024m,-Dfile.encoding=UTF-8,-Duser.country,-Duser.language=en,-Duser.variant]
18:36:47.065 [DEBUG] [org.gradle.internal.remote.internal.inet.InetAddresses] Adding IP addresses for network interface eth0
18:36:47.069 [DEBUG] [org.gradle.internal.remote.internal.inet.InetAddresses] Is this a loopback interface? false
18:36:47.080 [DEBUG] [org.gradle.internal.remote.internal.inet.InetAddresses] Is this a multicast interface? true
18:36:47.082 [DEBUG] [org.gradle.internal.remote.internal.inet.InetAddresses] Adding remote address /172.19.0.5
18:36:47.085 [DEBUG] [org.gradle.internal.remote.internal.inet.InetAddresses] Adding remote multicast interface eth0
18:36:47.088 [DEBUG] [org.gradle.internal.remote.internal.inet.InetAddresses] Adding IP addresses for network interface lo
18:36:47.094 [DEBUG] [org.gradle.internal.remote.internal.inet.InetAddresses] Is this a loopback interface? true
18:36:47.096 [DEBUG] [org.gradle.internal.remote.internal.inet.InetAddresses] Is this a multicast interface? false
18:36:47.099 [DEBUG] [org.gradle.internal.remote.internal.inet.InetAddresses] Adding loopback address /127.0.0.1
18:36:47.106 [DEBUG] [org.gradle.internal.remote.internal.inet.TcpIncomingConnector] Listening on [3fbf9be8-684b-4f9e-87cf-13de25d8be8e port:33079, addresses:[/127.0.0.1]].
18:36:47.136 [DEBUG] [org.gradle.launcher.daemon.server.Daemon] Daemon starting at: Tue May 29 18:36:47 GMT 2018, with address: [3fbf9be8-684b-4f9e-87cf-13de25d8be8e port:33079, addresses:[/127.0.0.1]]
18:36:47.146 [INFO] [org.gradle.launcher.daemon.server.DaemonRegistryUpdater] Advertising the daemon address to the clients: [3fbf9be8-684b-4f9e-87cf-13de25d8be8e port:33079, addresses:[/127.0.0.1]]
18:36:47.151 [DEBUG] [org.gradle.launcher.daemon.server.DaemonRegistryUpdater] Advertised daemon context: DefaultDaemonContext[uid=b6a02f41-4874-4e8e-97e9-f1195c2fe215,javaHome=/opt/jdk1.8.0_172,daemonRegistryDir=/app/cache/daemon,pid=31,idleTimeout=10800000,daemonOpts=-XX:+HeapDumpOnOutOfMemoryError,-Xmx1024m,-Dfile.encoding=UTF-8,-Duser.country,-Duser.language=en,-Duser.variant]
18:36:47.155 [DEBUG] [org.gradle.launcher.daemon.registry.PersistentDaemonRegistry] Storing daemon address: [3fbf9be8-684b-4f9e-87cf-13de25d8be8e port:33079, addresses:[/127.0.0.1]], context: DefaultDaemonContext[uid=b6a02f41-4874-4e8e-97e9-f1195c2fe215,javaHome=/opt/jdk1.8.0_172,daemonRegistryDir=/app/cache/daemon,pid=31,idleTimeout=10800000,daemonOpts=-XX:+HeapDumpOnOutOfMemoryError,-Xmx1024m,-Dfile.encoding=UTF-8,-Duser.country,-Duser.language=en,-Duser.variant]
18:36:47.202 [DEBUG] [org.gradle.cache.internal.DefaultFileLockManager] Waiting to acquire exclusive lock on daemon addresses registry.
18:36:47.212 [DEBUG] [org.gradle.cache.internal.DefaultFileLockManager] Lock acquired on daemon addresses registry.
18:36:47.238 [DEBUG] [org.gradle.cache.internal.DefaultFileLockManager] Releasing lock on daemon addresses registry.
18:36:47.245 [LIFECYCLE] [org.gradle.launcher.daemon.server.Daemon] Daemon server started.
18:36:47.256 [DEBUG] [org.gradle.launcher.daemon.bootstrap.DaemonStartupCommunication] Completed writing the daemon greeting. Closing streams...
18:36:47.279 [DEBUG] [org.gradle.internal.remote.internal.inet.TcpIncomingConnector] Accepted connection from /127.0.0.1:36824 to /127.0.0.1:33079.
18:36:47.291 [DEBUG] [org.gradle.launcher.daemon.server.Daemon] stopOnExpiration() called on daemon
18:36:47.296 [DEBUG] [org.gradle.launcher.daemon.server.Daemon] awaitExpiration() called on daemon
18:36:47.300 [DEBUG] [org.gradle.launcher.daemon.server.DaemonStateCoordinator] daemon is running. Sleeping until state changes.
18:36:47.636 [DEBUG] [org.gradle.launcher.daemon.server.SynchronizedDispatchConnection] thread 15: received class org.gradle.launcher.daemon.protocol.Build
18:36:47.649 [DEBUG] [org.gradle.launcher.daemon.server.DefaultDaemonConnection] thread 15: Received non-IO message from client: Build{id=08de13dd-2c84-4b43-9986-0b530900b190.1, currentDir=/app}
18:36:47.653 [INFO] [org.gradle.launcher.daemon.server.DefaultIncomingConnectionHandler] Received command: Build{id=08de13dd-2c84-4b43-9986-0b530900b190.1, currentDir=/app}.
18:36:47.655 [DEBUG] [org.gradle.launcher.daemon.server.DefaultIncomingConnectionHandler] Starting executing command: Build{id=08de13dd-2c84-4b43-9986-0b530900b190.1, currentDir=/app} with connection: socket connection from /127.0.0.1:33079 to /127.0.0.1:36824.
18:36:47.662 [ERROR] [org.gradle.launcher.daemon.server.DaemonStateCoordinator] Command execution: started DaemonCommandExecution[command = Build{id=08de13dd-2c84-4b43-9986-0b530900b190.1, currentDir=/app}, connection = DefaultDaemonConnection: socket connection from /127.0.0.1:33079 to /127.0.0.1:36824] after 0.0 minutes of idle
18:36:47.666 [INFO] [org.gradle.launcher.daemon.server.DaemonRegistryUpdater] Marking the daemon as busy, address: [3fbf9be8-684b-4f9e-87cf-13de25d8be8e port:33079, addresses:[/127.0.0.1]]
18:36:47.668 [DEBUG] [org.gradle.launcher.daemon.registry.PersistentDaemonRegistry] Marking busy by address: [3fbf9be8-684b-4f9e-87cf-13de25d8be8e port:33079, addresses:[/127.0.0.1]]
18:36:47.677 [DEBUG] [org.gradle.cache.internal.DefaultFileLockManager] Waiting to acquire exclusive lock on daemon addresses registry.
18:36:47.682 [DEBUG] [org.gradle.cache.internal.DefaultFileLockManager] Lock acquired on daemon addresses registry.
18:36:47.691 [DEBUG] [org.gradle.cache.internal.DefaultFileLockManager] Releasing lock on daemon addresses registry.
18:36:47.694 [DEBUG] [org.gradle.launcher.daemon.server.DaemonStateCoordinator] resetting idle timer
18:36:47.696 [DEBUG] [org.gradle.launcher.daemon.server.DaemonStateCoordinator] daemon is running. Sleeping until state changes.
18:36:47.697 [INFO] [org.gradle.launcher.daemon.server.exec.StartBuildOrRespondWithBusy] Daemon is about to start building Build{id=08de13dd-2c84-4b43-9986-0b530900b190.1, currentDir=/app}. Dispatching build started information...
18:36:47.714 [DEBUG] [org.gradle.launcher.daemon.server.SynchronizedDispatchConnection] thread 17: dispatching class org.gradle.launcher.daemon.protocol.BuildStarted
18:36:47.753 [DEBUG] [org.gradle.launcher.daemon.server.SynchronizedDispatchConnection] thread 15: received class org.gradle.launcher.daemon.protocol.CloseInput
18:36:47.757 [DEBUG] [org.gradle.launcher.daemon.server.DefaultDaemonConnection] thread 15: Received IO message from client: org.gradle.launcher.daemon.protocol.CloseInput@38496c3
18:36:47.754 [DEBUG] [org.gradle.launcher.daemon.server.exec.EstablishBuildEnvironment] Configuring env variables: {PATH=/usr/local/sbin:/usr/local/bin:/usr/sbin:/usr/bin:/sbin:/bin:/opt/jdk/bin, JAVA_JCE=unlimited, SPRING_PROFILES_ACTIVE=dev, JAVA_HOME=/opt/jdk, OLDPWD=/app, GLIBC_VERSION=2.27-r0, LANG=C.UTF-8, JAVA_VERSION_MAJOR=8, GRADLE_USER_HOME=cache, HOSTNAME=93182ea5f083, GLIBC_REPO=https://github.com/sgerrand/alpine-pkg-glibc, JAVA_VERSION_MINOR=172, PWD=/app, JAVA_PACKAGE=jdk, JAVA_VERSION_BUILD=11, HOME=/root, SHLVL=1}
18:36:47.787 [DEBUG] [org.gradle.launcher.daemon.server.exec.LogToClient] About to start relaying all logs to the client via the connection.
18:36:47.792 [INFO] [org.gradle.launcher.daemon.server.exec.LogToClient] The client will now receive all logging from the daemon (pid: 31). The daemon log file: /app/cache/daemon/4.5.1/daemon-31.out.log
18:36:47.801 [INFO] [org.gradle.launcher.daemon.server.exec.LogAndCheckHealth] Starting build in new daemon [memory: 954.7 MB]
18:36:47.819 [INFO] [org.gradle.launcher.daemon.server.exec.ForwardClientInput] Closing daemon's stdin at end of input.
18:36:47.828 [INFO] [org.gradle.launcher.daemon.server.exec.ForwardClientInput] The daemon will no longer process any standard input.
18:36:47.837 [DEBUG] [org.gradle.launcher.daemon.server.exec.ExecuteBuild] The daemon has started executing the build.
18:36:47.849 [DEBUG] [org.gradle.launcher.daemon.server.exec.ExecuteBuild] Executing build with daemon context: DefaultDaemonContext[uid=b6a02f41-4874-4e8e-97e9-f1195c2fe215,javaHome=/opt/jdk1.8.0_172,daemonRegistryDir=/app/cache/daemon,pid=31,idleTimeout=10800000,daemonOpts=-XX:+HeapDumpOnOutOfMemoryError,-Xmx1024m,-Dfile.encoding=UTF-8,-Duser.country,-Duser.language=en,-Duser.variant]
:compileJava
:processResources UP-TO-DATE
:classes
:bootRun
18:37:29.388 [main] DEBUG org.springframework.boot.devtools.settings.DevToolsSettings - Included patterns for restart : []
18:37:29.403 [main] DEBUG org.springframework.boot.devtools.settings.DevToolsSettings - Excluded patterns for restart : [/spring-boot-starter/target/classes/, /spring-boot-autoconfigure/target/classes/, /spring-boot-starter-[\w-]+/, /spring-boot/target/classes/, /spring-boot-actuator/target/classes/, /spring-boot-devtools/target/classes/]
18:37:29.404 [main] DEBUG org.springframework.boot.devtools.restart.ChangeableUrls - Matching URLs for reloading : [file:/app/build/classes/java/main/, file:/app/build/resources/main/]
2018-05-29 18:37:32.212  INFO 76 --- [  restartedMain] s.c.a.AnnotationConfigApplicationContext : Refreshing org.springframework.context.annotation.AnnotationConfigApplicationContext@64ccab83: startup date [Tue May 29 18:37:32 GMT 2018]; root of context hierarchy
2018-05-29 18:37:33.541  INFO 76 --- [  restartedMain] f.a.AutowiredAnnotationBeanPostProcessor : JSR-330 'javax.inject.Inject' annotation found and supported for autowiring
2018-05-29 18:37:34.219  INFO 76 --- [  restartedMain] trationDelegate$BeanPostProcessorChecker : Bean 'configurationPropertiesRebinderAutoConfiguration' of type [org.springframework.cloud.autoconfigure.ConfigurationPropertiesRebinderAutoConfiguration$$EnhancerBySpringCGLIB$$dc8c09e6] is not eligible for getting processed by all BeanPostProcessors (for example: not eligible for auto-proxying)

  .   ____          _            __ _ _
 /\\ / ___'_ __ _ _(_)_ __  __ _ \ \ \ \
( ( )\___ | '_ | '_| | '_ \/ _` | \ \ \ \
 \\/  ___)| |_)| | | | | || (_| |  ) ) ) )
  '  |____| .__|_| |_|_| |_\__, | / / / /
 =========|_|==============|___/=/_/_/_/
[32m :: Spring Boot :: [39m      [2m (v1.5.8.RELEASE)[0;39m

[2m2018-05-29 18:37:36.239[0;39m [32m INFO[0;39m [35m76[0;39m [2m---[0;39m [2m[  restartedMain][0;39m [36mc.example.usersapi.UsersApiApplication  [0;39m [2m:[0;39m The following profiles are active: dev
[2m2018-05-29 18:37:36.310[0;39m [32m INFO[0;39m [35m76[0;39m [2m---[0;39m [2m[  restartedMain][0;39m [36mationConfigEmbeddedWebApplicationContext[0;39m [2m:[0;39m Refreshing org.springframework.boot.context.embedded.AnnotationConfigEmbeddedWebApplicationContext@34e4ce63: startup date [Tue May 29 18:37:36 GMT 2018]; parent: org.springframework.context.annotation.AnnotationConfigApplicationContext@64ccab83
[2m2018-05-29 18:37:40.422[0;39m [32m INFO[0;39m [35m76[0;39m [2m---[0;39m [2m[  restartedMain][0;39m [36mo.s.cloud.context.scope.GenericScope    [0;39m [2m:[0;39m BeanFactory id=e36c7799-d42a-3922-8242-cb341b929aff
[2m2018-05-29 18:37:40.566[0;39m [32m INFO[0;39m [35m76[0;39m [2m---[0;39m [2m[  restartedMain][0;39m [36mf.a.AutowiredAnnotationBeanPostProcessor[0;39m [2m:[0;39m JSR-330 'javax.inject.Inject' annotation found and supported for autowiring
[2m2018-05-29 18:37:41.081[0;39m [32m INFO[0;39m [35m76[0;39m [2m---[0;39m [2m[  restartedMain][0;39m [36mtrationDelegate$BeanPostProcessorChecker[0;39m [2m:[0;39m Bean 'org.springframework.transaction.annotation.ProxyTransactionManagementConfiguration' of type [org.springframework.transaction.annotation.ProxyTransactionManagementConfiguration$$EnhancerBySpringCGLIB$$c07206e9] is not eligible for getting processed by all BeanPostProcessors (for example: not eligible for auto-proxying)
[2m2018-05-29 18:37:41.206[0;39m [32m INFO[0;39m [35m76[0;39m [2m---[0;39m [2m[  restartedMain][0;39m [36mtrationDelegate$BeanPostProcessorChecker[0;39m [2m:[0;39m Bean 'org.springframework.cloud.autoconfigure.ConfigurationPropertiesRebinderAutoConfiguration' of type [org.springframework.cloud.autoconfigure.ConfigurationPropertiesRebinderAutoConfiguration$$EnhancerBySpringCGLIB$$dc8c09e6] is not eligible for getting processed by all BeanPostProcessors (for example: not eligible for auto-proxying)
[2m2018-05-29 18:37:43.660[0;39m [32m INFO[0;39m [35m76[0;39m [2m---[0;39m [2m[  restartedMain][0;39m [36ms.b.c.e.t.TomcatEmbeddedServletContainer[0;39m [2m:[0;39m Tomcat initialized with port(s): 8081 (http)
[2m2018-05-29 18:37:43.702[0;39m [32m INFO[0;39m [35m76[0;39m [2m---[0;39m [2m[  restartedMain][0;39m [36mo.apache.catalina.core.StandardService  [0;39m [2m:[0;39m Starting service [Tomcat]
[2m2018-05-29 18:37:43.704[0;39m [32m INFO[0;39m [35m76[0;39m [2m---[0;39m [2m[  restartedMain][0;39m [36morg.apache.catalina.core.StandardEngine [0;39m [2m:[0;39m Starting Servlet Engine: Apache Tomcat/8.5.23
[2m2018-05-29 18:37:45.247[0;39m [32m INFO[0;39m [35m76[0;39m [2m---[0;39m [2m[ost-startStop-1][0;39m [36mo.a.c.c.C.[Tomcat].[localhost].[/]      [0;39m [2m:[0;39m Initializing Spring embedded WebApplicationContext
[2m2018-05-29 18:37:45.248[0;39m [32m INFO[0;39m [35m76[0;39m [2m---[0;39m [2m[ost-startStop-1][0;39m [36mo.s.web.context.ContextLoader           [0;39m [2m:[0;39m Root WebApplicationContext: initialization completed in 8937 ms
[2m2018-05-29 18:37:45.876[0;39m [32m INFO[0;39m [35m76[0;39m [2m---[0;39m [2m[ost-startStop-1][0;39m [36mo.s.b.w.servlet.ServletRegistrationBean [0;39m [2m:[0;39m Mapping servlet: 'dispatcherServlet' to [/]
[2m2018-05-29 18:37:45.912[0;39m [32m INFO[0;39m [35m76[0;39m [2m---[0;39m [2m[ost-startStop-1][0;39m [36mo.s.b.w.servlet.FilterRegistrationBean  [0;39m [2m:[0;39m Mapping filter: 'characterEncodingFilter' to: [/*]
[2m2018-05-29 18:37:45.926[0;39m [32m INFO[0;39m [35m76[0;39m [2m---[0;39m [2m[ost-startStop-1][0;39m [36mo.s.b.w.servlet.FilterRegistrationBean  [0;39m [2m:[0;39m Mapping filter: 'hiddenHttpMethodFilter' to: [/*]
[2m2018-05-29 18:37:45.926[0;39m [32m INFO[0;39m [35m76[0;39m [2m---[0;39m [2m[ost-startStop-1][0;39m [36mo.s.b.w.servlet.FilterRegistrationBean  [0;39m [2m:[0;39m Mapping filter: 'httpPutFormContentFilter' to: [/*]
[2m2018-05-29 18:37:45.926[0;39m [32m INFO[0;39m [35m76[0;39m [2m---[0;39m [2m[ost-startStop-1][0;39m [36mo.s.b.w.servlet.FilterRegistrationBean  [0;39m [2m:[0;39m Mapping filter: 'requestContextFilter' to: [/*]
[2m2018-05-29 18:37:47.759[0;39m [32m INFO[0;39m [35m76[0;39m [2m---[0;39m [2m[  restartedMain][0;39m [36mj.LocalContainerEntityManagerFactoryBean[0;39m [2m:[0;39m Building JPA container EntityManagerFactory for persistence unit 'default'
[2m2018-05-29 18:37:47.795[0;39m [32m INFO[0;39m [35m76[0;39m [2m---[0;39m [2m[  restartedMain][0;39m [36mo.hibernate.jpa.internal.util.LogHelper [0;39m [2m:[0;39m HHH000204: Processing PersistenceUnitInfo [
	name: default
	...]
[2m2018-05-29 18:37:48.336[0;39m [32m INFO[0;39m [35m76[0;39m [2m---[0;39m [2m[  restartedMain][0;39m [36morg.hibernate.Version                   [0;39m [2m:[0;39m HHH000412: Hibernate Core {5.0.12.Final}
[2m2018-05-29 18:37:48.344[0;39m [32m INFO[0;39m [35m76[0;39m [2m---[0;39m [2m[  restartedMain][0;39m [36morg.hibernate.cfg.Environment           [0;39m [2m:[0;39m HHH000206: hibernate.properties not found
[2m2018-05-29 18:37:48.348[0;39m [32m INFO[0;39m [35m76[0;39m [2m---[0;39m [2m[  restartedMain][0;39m [36morg.hibernate.cfg.Environment           [0;39m [2m:[0;39m HHH000021: Bytecode provider name : javassist
[2m2018-05-29 18:37:48.900[0;39m [32m INFO[0;39m [35m76[0;39m [2m---[0;39m [2m[  restartedMain][0;39m [36mo.hibernate.annotations.common.Version  [0;39m [2m:[0;39m HCANN000001: Hibernate Commons Annotations {5.0.1.Final}
[2m2018-05-29 18:37:49.506[0;39m [32m INFO[0;39m [35m76[0;39m [2m---[0;39m [2m[  restartedMain][0;39m [36morg.hibernate.dialect.Dialect           [0;39m [2m:[0;39m HHH000400: Using dialect: org.hibernate.dialect.PostgreSQLDialect
[2m2018-05-29 18:37:49.825[0;39m [32m INFO[0;39m [35m76[0;39m [2m---[0;39m [2m[  restartedMain][0;39m [36mo.h.e.j.e.i.LobCreatorBuilderImpl       [0;39m [2m:[0;39m HHH000424: Disabling contextual LOB creation as createClob() method threw error : java.lang.reflect.InvocationTargetException
[2m2018-05-29 18:37:49.837[0;39m [32m INFO[0;39m [35m76[0;39m [2m---[0;39m [2m[  restartedMain][0;39m [36morg.hibernate.type.BasicTypeRegistry    [0;39m [2m:[0;39m HHH000270: Type registration [java.util.UUID] overrides previous : org.hibernate.type.UUIDBinaryType@2c71b2e3
[2m2018-05-29 18:37:51.316[0;39m [32m INFO[0;39m [35m76[0;39m [2m---[0;39m [2m[  restartedMain][0;39m [36mj.LocalContainerEntityManagerFactoryBean[0;39m [2m:[0;39m Initialized JPA EntityManagerFactory for persistence unit 'default'
[2m2018-05-29 18:37:54.777[0;39m [33m WARN[0;39m [35m76[0;39m [2m---[0;39m [2m[  restartedMain][0;39m [36mc.n.c.sources.URLConfigurationSource    [0;39m [2m:[0;39m No URLs will be polled as dynamic configuration sources.
[2m2018-05-29 18:37:54.778[0;39m [32m INFO[0;39m [35m76[0;39m [2m---[0;39m [2m[  restartedMain][0;39m [36mc.n.c.sources.URLConfigurationSource    [0;39m [2m:[0;39m To enable URLs as dynamic configuration sources, define System property archaius.configurationSource.additionalUrls or make config.properties available on classpath.
[2m2018-05-29 18:37:55.021[0;39m [33m WARN[0;39m [35m76[0;39m [2m---[0;39m [2m[  restartedMain][0;39m [36mc.n.c.sources.URLConfigurationSource    [0;39m [2m:[0;39m No URLs will be polled as dynamic configuration sources.
[2m2018-05-29 18:37:55.023[0;39m [32m INFO[0;39m [35m76[0;39m [2m---[0;39m [2m[  restartedMain][0;39m [36mc.n.c.sources.URLConfigurationSource    [0;39m [2m:[0;39m To enable URLs as dynamic configuration sources, define System property archaius.configurationSource.additionalUrls or make config.properties available on classpath.
[2m2018-05-29 18:37:56.555[0;39m [32m INFO[0;39m [35m76[0;39m [2m---[0;39m [2m[  restartedMain][0;39m [36ms.w.s.m.m.a.RequestMappingHandlerAdapter[0;39m [2m:[0;39m Looking for @ControllerAdvice: org.springframework.boot.context.embedded.AnnotationConfigEmbeddedWebApplicationContext@34e4ce63: startup date [Tue May 29 18:37:36 GMT 2018]; parent: org.springframework.context.annotation.AnnotationConfigApplicationContext@64ccab83
[2m2018-05-29 18:37:56.863[0;39m [32m INFO[0;39m [35m76[0;39m [2m---[0;39m [2m[  restartedMain][0;39m [36ms.w.s.m.m.a.RequestMappingHandlerMapping[0;39m [2m:[0;39m Mapped "{[/{userId}],methods=[GET]}" onto public com.example.usersapi.models.User com.example.usersapi.controllers.UsersController.findOne(java.lang.Long)
[2m2018-05-29 18:37:56.865[0;39m [32m INFO[0;39m [35m76[0;39m [2m---[0;39m [2m[  restartedMain][0;39m [36ms.w.s.m.m.a.RequestMappingHandlerMapping[0;39m [2m:[0;39m Mapped "{[/login/],methods=[POST]}" onto public com.example.usersapi.models.User com.example.usersapi.controllers.UsersController.checkLogin(com.example.usersapi.models.LoginRequest)
[2m2018-05-29 18:37:56.866[0;39m [32m INFO[0;39m [35m76[0;39m [2m---[0;39m [2m[  restartedMain][0;39m [36ms.w.s.m.m.a.RequestMappingHandlerMapping[0;39m [2m:[0;39m Mapped "{[/getByLastName/{lastName}],methods=[GET]}" onto public java.lang.Iterable<com.example.usersapi.models.User> com.example.usersapi.controllers.UsersController.findByLastName(java.lang.String)
[2m2018-05-29 18:37:56.866[0;39m [32m INFO[0;39m [35m76[0;39m [2m---[0;39m [2m[  restartedMain][0;39m [36ms.w.s.m.m.a.RequestMappingHandlerMapping[0;39m [2m:[0;39m Mapped "{[/getByuserName/{userName}],methods=[GET]}" onto public com.example.usersapi.models.User com.example.usersapi.controllers.UsersController.getByuserName(java.lang.String)
[2m2018-05-29 18:37:56.866[0;39m [32m INFO[0;39m [35m76[0;39m [2m---[0;39m [2m[  restartedMain][0;39m [36ms.w.s.m.m.a.RequestMappingHandlerMapping[0;39m [2m:[0;39m Mapped "{[/],methods=[POST]}" onto public com.example.usersapi.models.User com.example.usersapi.controllers.UsersController.createNewUser(com.example.usersapi.models.User)
[2m2018-05-29 18:37:56.867[0;39m [32m INFO[0;39m [35m76[0;39m [2m---[0;39m [2m[  restartedMain][0;39m [36ms.w.s.m.m.a.RequestMappingHandlerMapping[0;39m [2m:[0;39m Mapped "{[/{userId}],methods=[PATCH]}" onto public com.example.usersapi.models.User com.example.usersapi.controllers.UsersController.updateUserById(long,com.example.usersapi.models.User)
[2m2018-05-29 18:37:56.867[0;39m [32m INFO[0;39m [35m76[0;39m [2m---[0;39m [2m[  restartedMain][0;39m [36ms.w.s.m.m.a.RequestMappingHandlerMapping[0;39m [2m:[0;39m Mapped "{[/],methods=[GET]}" onto public java.lang.Iterable<com.example.usersapi.models.User> com.example.usersapi.controllers.UsersController.findAllUsers()
[2m2018-05-29 18:37:56.867[0;39m [32m INFO[0;39m [35m76[0;39m [2m---[0;39m [2m[  restartedMain][0;39m [36ms.w.s.m.m.a.RequestMappingHandlerMapping[0;39m [2m:[0;39m Mapped "{[/{userId}],methods=[DELETE]}" onto public org.springframework.http.HttpStatus com.example.usersapi.controllers.UsersController.deleteUserById(java.lang.Long)
[2m2018-05-29 18:37:56.870[0;39m [32m INFO[0;39m [35m76[0;39m [2m---[0;39m [2m[  restartedMain][0;39m [36ms.w.s.m.m.a.RequestMappingHandlerMapping[0;39m [2m:[0;39m Mapped "{[/error],produces=[text/html]}" onto public org.springframework.web.servlet.ModelAndView org.springframework.boot.autoconfigure.web.BasicErrorController.errorHtml(javax.servlet.http.HttpServletRequest,javax.servlet.http.HttpServletResponse)
[2m2018-05-29 18:37:56.870[0;39m [32m INFO[0;39m [35m76[0;39m [2m---[0;39m [2m[  restartedMain][0;39m [36ms.w.s.m.m.a.RequestMappingHandlerMapping[0;39m [2m:[0;39m Mapped "{[/error]}" onto public org.springframework.http.ResponseEntity<java.util.Map<java.lang.String, java.lang.Object>> org.springframework.boot.autoconfigure.web.BasicErrorController.error(javax.servlet.http.HttpServletRequest)
[2m2018-05-29 18:37:56.976[0;39m [32m INFO[0;39m [35m76[0;39m [2m---[0;39m [2m[  restartedMain][0;39m [36mo.s.w.s.handler.SimpleUrlHandlerMapping [0;39m [2m:[0;39m Mapped URL path [/webjars/**] onto handler of type [class org.springframework.web.servlet.resource.ResourceHttpRequestHandler]
[2m2018-05-29 18:37:56.976[0;39m [32m INFO[0;39m [35m76[0;39m [2m---[0;39m [2m[  restartedMain][0;39m [36mo.s.w.s.handler.SimpleUrlHandlerMapping [0;39m [2m:[0;39m Mapped URL path [/**] onto handler of type [class org.springframework.web.servlet.resource.ResourceHttpRequestHandler]
[2m2018-05-29 18:37:57.092[0;39m [32m INFO[0;39m [35m76[0;39m [2m---[0;39m [2m[  restartedMain][0;39m [36mo.s.w.s.handler.SimpleUrlHandlerMapping [0;39m [2m:[0;39m Mapped URL path [/**/favicon.ico] onto handler of type [class org.springframework.web.servlet.resource.ResourceHttpRequestHandler]
[2m2018-05-29 18:37:58.835[0;39m [32m INFO[0;39m [35m76[0;39m [2m---[0;39m [2m[  restartedMain][0;39m [36mo.s.b.d.a.OptionalLiveReloadServer      [0;39m [2m:[0;39m LiveReload server is running on port 35729
[2m2018-05-29 18:37:59.234[0;39m [33m WARN[0;39m [35m76[0;39m [2m---[0;39m [2m[  restartedMain][0;39m [36marterDeprecationWarningAutoConfiguration[0;39m [2m:[0;39m spring-cloud-starter-eureka is deprecated as of Spring Cloud Netflix 1.4.0, please migrate to spring-cloud-starter-netflix-eureka
[2m2018-05-29 18:37:59.285[0;39m [32m INFO[0;39m [35m76[0;39m [2m---[0;39m [2m[  restartedMain][0;39m [36mo.s.j.e.a.AnnotationMBeanExporter       [0;39m [2m:[0;39m Registering beans for JMX exposure on startup
[2m2018-05-29 18:37:59.306[0;39m [32m INFO[0;39m [35m76[0;39m [2m---[0;39m [2m[  restartedMain][0;39m [36mo.s.j.e.a.AnnotationMBeanExporter       [0;39m [2m:[0;39m Bean with name 'environmentManager' has been autodetected for JMX exposure
[2m2018-05-29 18:37:59.308[0;39m [32m INFO[0;39m [35m76[0;39m [2m---[0;39m [2m[  restartedMain][0;39m [36mo.s.j.e.a.AnnotationMBeanExporter       [0;39m [2m:[0;39m Bean with name 'configurationPropertiesRebinder' has been autodetected for JMX exposure
[2m2018-05-29 18:37:59.311[0;39m [32m INFO[0;39m [35m76[0;39m [2m---[0;39m [2m[  restartedMain][0;39m [36mo.s.j.e.a.AnnotationMBeanExporter       [0;39m [2m:[0;39m Bean with name 'refreshScope' has been autodetected for JMX exposure
[2m2018-05-29 18:37:59.322[0;39m [32m INFO[0;39m [35m76[0;39m [2m---[0;39m [2m[  restartedMain][0;39m [36mo.s.j.e.a.AnnotationMBeanExporter       [0;39m [2m:[0;39m Located managed bean 'environmentManager': registering with JMX server as MBean [org.springframework.cloud.context.environment:name=environmentManager,type=EnvironmentManager]
[2m2018-05-29 18:37:59.347[0;39m [32m INFO[0;39m [35m76[0;39m [2m---[0;39m [2m[  restartedMain][0;39m [36mo.s.j.e.a.AnnotationMBeanExporter       [0;39m [2m:[0;39m Located managed bean 'refreshScope': registering with JMX server as MBean [org.springframework.cloud.context.scope.refresh:name=refreshScope,type=RefreshScope]
[2m2018-05-29 18:37:59.366[0;39m [32m INFO[0;39m [35m76[0;39m [2m---[0;39m [2m[  restartedMain][0;39m [36mo.s.j.e.a.AnnotationMBeanExporter       [0;39m [2m:[0;39m Located managed bean 'configurationPropertiesRebinder': registering with JMX server as MBean [org.springframework.cloud.context.properties:name=configurationPropertiesRebinder,context=34e4ce63,type=ConfigurationPropertiesRebinder]
[2m2018-05-29 18:37:59.555[0;39m [32m INFO[0;39m [35m76[0;39m [2m---[0;39m [2m[  restartedMain][0;39m [36mo.s.c.support.DefaultLifecycleProcessor [0;39m [2m:[0;39m Starting beans in phase 0
[2m2018-05-29 18:37:59.572[0;39m [32m INFO[0;39m [35m76[0;39m [2m---[0;39m [2m[  restartedMain][0;39m [36mo.s.c.n.eureka.InstanceInfoFactory      [0;39m [2m:[0;39m Setting initial instance status as: STARTING
[2m2018-05-29 18:37:59.717[0;39m [32m INFO[0;39m [35m76[0;39m [2m---[0;39m [2m[  restartedMain][0;39m [36mcom.netflix.discovery.DiscoveryClient   [0;39m [2m:[0;39m Initializing Eureka in region us-east-1
[2m2018-05-29 18:38:00.254[0;39m [32m INFO[0;39m [35m76[0;39m [2m---[0;39m [2m[  restartedMain][0;39m [36mc.n.d.provider.DiscoveryJerseyProvider  [0;39m [2m:[0;39m Using JSON encoding codec LegacyJacksonJson
[2m2018-05-29 18:38:00.254[0;39m [32m INFO[0;39m [35m76[0;39m [2m---[0;39m [2m[  restartedMain][0;39m [36mc.n.d.provider.DiscoveryJerseyProvider  [0;39m [2m:[0;39m Using JSON decoding codec LegacyJacksonJson
[2m2018-05-29 18:38:00.503[0;39m [32m INFO[0;39m [35m76[0;39m [2m---[0;39m [2m[  restartedMain][0;39m [36mc.n.d.provider.DiscoveryJerseyProvider  [0;39m [2m:[0;39m Using XML encoding codec XStreamXml
[2m2018-05-29 18:38:00.504[0;39m [32m INFO[0;39m [35m76[0;39m [2m---[0;39m [2m[  restartedMain][0;39m [36mc.n.d.provider.DiscoveryJerseyProvider  [0;39m [2m:[0;39m Using XML decoding codec XStreamXml
[2m2018-05-29 18:38:00.942[0;39m [32m INFO[0;39m [35m76[0;39m [2m---[0;39m [2m[  restartedMain][0;39m [36mc.n.d.s.r.aws.ConfigClusterResolver     [0;39m [2m:[0;39m Resolving eureka endpoints via configuration
[2m2018-05-29 18:38:01.007[0;39m [32m INFO[0;39m [35m76[0;39m [2m---[0;39m [2m[  restartedMain][0;39m [36mcom.netflix.discovery.DiscoveryClient   [0;39m [2m:[0;39m Disable delta property : false
[2m2018-05-29 18:38:01.007[0;39m [32m INFO[0;39m [35m76[0;39m [2m---[0;39m [2m[  restartedMain][0;39m [36mcom.netflix.discovery.DiscoveryClient   [0;39m [2m:[0;39m Single vip registry refresh property : null
[2m2018-05-29 18:38:01.008[0;39m [32m INFO[0;39m [35m76[0;39m [2m---[0;39m [2m[  restartedMain][0;39m [36mcom.netflix.discovery.DiscoveryClient   [0;39m [2m:[0;39m Force full registry fetch : false
[2m2018-05-29 18:38:01.008[0;39m [32m INFO[0;39m [35m76[0;39m [2m---[0;39m [2m[  restartedMain][0;39m [36mcom.netflix.discovery.DiscoveryClient   [0;39m [2m:[0;39m Application is null : false
[2m2018-05-29 18:38:01.008[0;39m [32m INFO[0;39m [35m76[0;39m [2m---[0;39m [2m[  restartedMain][0;39m [36mcom.netflix.discovery.DiscoveryClient   [0;39m [2m:[0;39m Registered Applications size is zero : true
[2m2018-05-29 18:38:01.008[0;39m [32m INFO[0;39m [35m76[0;39m [2m---[0;39m [2m[  restartedMain][0;39m [36mcom.netflix.discovery.DiscoveryClient   [0;39m [2m:[0;39m Application version is -1: true
[2m2018-05-29 18:38:01.008[0;39m [32m INFO[0;39m [35m76[0;39m [2m---[0;39m [2m[  restartedMain][0;39m [36mcom.netflix.discovery.DiscoveryClient   [0;39m [2m:[0;39m Getting all instance registry info from the eureka server
[2m2018-05-29 18:38:02.551[0;39m [32m INFO[0;39m [35m76[0;39m [2m---[0;39m [2m[  restartedMain][0;39m [36mcom.netflix.discovery.DiscoveryClient   [0;39m [2m:[0;39m The response status is 200
[2m2018-05-29 18:38:02.574[0;39m [32m INFO[0;39m [35m76[0;39m [2m---[0;39m [2m[  restartedMain][0;39m [36mcom.netflix.discovery.DiscoveryClient   [0;39m [2m:[0;39m Starting heartbeat executor: renew interval is: 30
[2m2018-05-29 18:38:02.610[0;39m [32m INFO[0;39m [35m76[0;39m [2m---[0;39m [2m[  restartedMain][0;39m [36mc.n.discovery.InstanceInfoReplicator    [0;39m [2m:[0;39m InstanceInfoReplicator onDemand update allowed rate per min is 4
[2m2018-05-29 18:38:02.642[0;39m [32m INFO[0;39m [35m76[0;39m [2m---[0;39m [2m[  restartedMain][0;39m [36mcom.netflix.discovery.DiscoveryClient   [0;39m [2m:[0;39m Discovery Client initialized at timestamp 1527619082638 with initial instances count: 1
[2m2018-05-29 18:38:02.723[0;39m [32m INFO[0;39m [35m76[0;39m [2m---[0;39m [2m[  restartedMain][0;39m [36mo.s.c.n.e.s.EurekaServiceRegistry       [0;39m [2m:[0;39m Registering application users with eureka with status UP
[2m2018-05-29 18:38:02.743[0;39m [32m INFO[0;39m [35m76[0;39m [2m---[0;39m [2m[  restartedMain][0;39m [36mcom.netflix.discovery.DiscoveryClient   [0;39m [2m:[0;39m Saw local status change event StatusChangeEvent [timestamp=1527619082743, current=UP, previous=STARTING]
[2m2018-05-29 18:38:02.762[0;39m [32m INFO[0;39m [35m76[0;39m [2m---[0;39m [2m[nfoReplicator-0][0;39m [36mcom.netflix.discovery.DiscoveryClient   [0;39m [2m:[0;39m DiscoveryClient_USERS/93182ea5f083:users:8081: registering service...
[2m2018-05-29 18:38:02.864[0;39m [32m INFO[0;39m [35m76[0;39m [2m---[0;39m [2m[nfoReplicator-0][0;39m [36mcom.netflix.discovery.DiscoveryClient   [0;39m [2m:[0;39m DiscoveryClient_USERS/93182ea5f083:users:8081 - registration status: 204
[2m2018-05-29 18:38:02.912[0;39m [32m INFO[0;39m [35m76[0;39m [2m---[0;39m [2m[  restartedMain][0;39m [36ms.b.c.e.t.TomcatEmbeddedServletContainer[0;39m [2m:[0;39m Tomcat started on port(s): 8081 (http)
[2m2018-05-29 18:38:02.914[0;39m [32m INFO[0;39m [35m76[0;39m [2m---[0;39m [2m[  restartedMain][0;39m [36m.s.c.n.e.s.EurekaAutoServiceRegistration[0;39m [2m:[0;39m Updating port to 8081
[2m2018-05-29 18:38:02.918[0;39m [32m INFO[0;39m [35m76[0;39m [2m---[0;39m [2m[  restartedMain][0;39m [36mc.example.usersapi.UsersApiApplication  [0;39m [2m:[0;39m Started UsersApiApplication in 33.288 seconds (JVM running for 39.341)
thread 15: client disconnection detected, canceling the build